<?xml version="1.0" encoding="UTF-8"?>
<!-- Generated by org.testng.reporters.JUnitXMLReporter -->
<testsuite hostname="VIJAYHK-PC" ignored="0" name="Default test" tests="6" failures="0" timestamp="07 Dec 2017 14:37:59 GMT" time="217.604" errors="0">
  <testcase name="shouldThrowAnErrorIfSignInDetailsAreMissing" time="23.4" classname="TestVagrant.Hotels.SignInTest"/>
  <testcase name="testThatResultsAppearForAOneWayJourney" time="25.772" classname="TestVagrant.Hotels.FlightBookingTest"/>
  <testcase name="testThatResultsAppearForAOneWayJourney" time="32.344" classname="TestVagrant.Hotels.FlightBookingTest2"/>
  <testcase name="shouldBeAbleToSearchForHotels" time="31.269" classname="TestVagrant.Hotels.HotelBookingTest2"/>
  <testcase name="shouldThrowAnErrorIfSignInDetailsAreMissing" time="32.676" classname="TestVagrant.Hotels.SignInTest2"/>
  <testcase name="shouldBeAbleToSearchForHotels" time="42.219" classname="TestVagrant.Hotels.HotelBookingTest"/>
</testsuite> <!-- Default test -->
