<?xml version="1.0" encoding="UTF-8"?>
<testng-results skipped="0" failed="0" ignored="0" total="1" passed="1">
  <reporter-output>
  </reporter-output>
  <suite name="Default suite" duration-ms="41204" started-at="2017-12-07T14:06:40Z" finished-at="2017-12-07T14:07:21Z">
    <groups>
    </groups>
    <test name="Default test" duration-ms="41204" started-at="2017-12-07T14:06:40Z" finished-at="2017-12-07T14:07:21Z">
      <class name="TestVagrant.Hotels.SignInTest2">
        <test-method status="PASS" signature="initialize()[pri:0, instance:TestVagrant.Hotels.SignInTest2@1b604f19]" name="initialize" is-config="true" duration-ms="15016" started-at="2017-12-07T19:36:40Z" finished-at="2017-12-07T19:36:55Z">
          <reporter-output>
          </reporter-output>
        </test-method> <!-- initialize -->
        <test-method status="PASS" signature="shouldThrowAnErrorIfSignInDetailsAreMissing()[pri:0, instance:TestVagrant.Hotels.SignInTest2@1b604f19]" name="shouldThrowAnErrorIfSignInDetailsAreMissing" duration-ms="26124" started-at="2017-12-07T19:36:55Z" finished-at="2017-12-07T19:37:21Z">
          <reporter-output>
          </reporter-output>
        </test-method> <!-- shouldThrowAnErrorIfSignInDetailsAreMissing -->
      </class> <!-- TestVagrant.Hotels.SignInTest2 -->
    </test> <!-- Default test -->
  </suite> <!-- Default suite -->
</testng-results>
